<?xml version="1.0" encoding="UTF-8"?>
<testng-results skipped="0" failed="0" total="1" passed="1">
  <reporter-output>
  </reporter-output>
  <suite name="Suite" duration-ms="198" started-at="2023-01-08T11:56:09Z" finished-at="2023-01-08T11:56:09Z">
    <groups>
    </groups>
    <test name="Test" duration-ms="198" started-at="2023-01-08T11:56:09Z" finished-at="2023-01-08T11:56:09Z">
      <class name="xmlParameterization.PracticeTest">
        <test-method status="PASS" signature="demoTest(org.testng.xml.XmlTest)[pri:0, instance:xmlParameterization.PracticeTest@70e8f8e]" name="demoTest" duration-ms="40" started-at="2023-01-08T17:26:09Z" finished-at="2023-01-08T17:26:09Z">
          <params>
            <param index="0">
              <value>
                <![CDATA[[Test: "Test" verbose:1[parameters:][metagroups:] [included: ][excluded: ]  classes:[XmlClass class=xmlParameterization.PracticeTest]  packages:] ]]>
              </value>
            </param>
          </params>
          <reporter-output>
          </reporter-output>
        </test-method> <!-- demoTest -->
      </class> <!-- xmlParameterization.PracticeTest -->
    </test> <!-- Test -->
  </suite> <!-- Suite -->
</testng-results>
